[      26ms] [ERROR] Failed to load resource: the server responded with a status of 404 (Not Found) @ http://localhost:1313/api/v1/firehose/batch:0
[      26ms] [ERROR] Failed to load resource: the server responded with a status of 404 (Not Found) @ http://localhost:1313/api/v1/firehose/batch:0
[      43ms] [ERROR] Failed to find a valid digest in the 'integrity' attribute for resource 'http://localhost:1313/_mirror/use.fontawesome.com/releases/v5.5.0/css/all.css' with computed SHA-384 integrity 'k5wtpZ9F0Nl1VnjduloZEN7kVHEZv5JJDYL4UtQRgg2r15eHv9E8W2m8geCtkpM3'. The resource has been blocked. @ http://localhost:1313/:12
[      45ms] [ERROR] Refused to apply style from 'http://localhost:1313/_mirror/p.typekit.net/p.css%3Fs=1&k=yjl0eev&ht=tk&f=18505.24351.24354.24355.24356&a=798881&app=typekit&e=css.css' because its MIME type ('text/plain') is not a supported stylesheet MIME type, and strict MIME checking is enabled. @ http://localhost:1313/:0
[     377ms] [LOG] JQMIGRATE: Migrate is installed, version 3.4.1 @ http://localhost:1313/_mirror/quel-vetement.com/wp-includes/js/jquery/jquery-migrate.min.js:1
[     410ms] [ERROR] Failed to load resource: the server responded with a status of 404 (Not Found) @ http://localhost:1313/_mirror/use.typekit.net/af/299bdc/00000000000000003b9b0ba5/27/l%3Fprimer=7cdcb44be4a7db8877ffa5c0007b8dd865b3bbc383831fe2ea177f62257a9191&fvd=n4&v=3:0
[     411ms] [ERROR] Failed to load resource: the server responded with a status of 404 (Not Found) @ http://localhost:1313/_mirror/use.typekit.net/af/df3b56/0000000000000000000134f6/27/l%3Fprimer=7cdcb44be4a7db8877ffa5c0007b8dd865b3bbc383831fe2ea177f62257a9191&fvd=n4&v=3:0
[     411ms] [ERROR] Failed to load resource: the server responded with a status of 404 (Not Found) @ http://localhost:1313/_mirror/use.typekit.net/af/8b8b4f/00000000000000003b9b0ba6/27/l%3Fprimer=7cdcb44be4a7db8877ffa5c0007b8dd865b3bbc383831fe2ea177f62257a9191&fvd=i4&v=3:0
[     411ms] [ERROR] Failed to load resource: the server responded with a status of 404 (Not Found) @ http://localhost:1313/_mirror/use.typekit.net/af/795dd6/00000000000000003b9b0ba8/27/l%3Fprimer=7cdcb44be4a7db8877ffa5c0007b8dd865b3bbc383831fe2ea177f62257a9191&fvd=n6&v=3:0
[     418ms] [ERROR] Failed to load resource: the server responded with a status of 404 (Not Found) @ http://localhost:1313/_mirror/use.typekit.net/af/45681f/00000000000000003b9b0ba7/27/l%3Fprimer=7cdcb44be4a7db8877ffa5c0007b8dd865b3bbc383831fe2ea177f62257a9191&fvd=i6&v=3:0
[     426ms] [ERROR] Failed to load resource: the server responded with a status of 404 (Not Found) @ http://localhost:1313/_mirror/use.typekit.net/af/df3b56/0000000000000000000134f6/27/d%3Fprimer=7cdcb44be4a7db8877ffa5c0007b8dd865b3bbc383831fe2ea177f62257a9191&fvd=n4&v=3:0
[     426ms] [ERROR] Failed to load resource: the server responded with a status of 404 (Not Found) @ http://localhost:1313/_mirror/use.typekit.net/af/299bdc/00000000000000003b9b0ba5/27/d%3Fprimer=7cdcb44be4a7db8877ffa5c0007b8dd865b3bbc383831fe2ea177f62257a9191&fvd=n4&v=3:0
[     426ms] [ERROR] Failed to load resource: the server responded with a status of 404 (Not Found) @ http://localhost:1313/_mirror/use.typekit.net/af/8b8b4f/00000000000000003b9b0ba6/27/d%3Fprimer=7cdcb44be4a7db8877ffa5c0007b8dd865b3bbc383831fe2ea177f62257a9191&fvd=i4&v=3:0
[     426ms] [ERROR] Failed to load resource: the server responded with a status of 404 (Not Found) @ http://localhost:1313/_mirror/use.typekit.net/af/795dd6/00000000000000003b9b0ba8/27/d%3Fprimer=7cdcb44be4a7db8877ffa5c0007b8dd865b3bbc383831fe2ea177f62257a9191&fvd=n6&v=3:0
[     438ms] [ERROR] Failed to load resource: the server responded with a status of 404 (Not Found) @ http://localhost:1313/_mirror/use.typekit.net/af/45681f/00000000000000003b9b0ba7/27/d%3Fprimer=7cdcb44be4a7db8877ffa5c0007b8dd865b3bbc383831fe2ea177f62257a9191&fvd=i6&v=3:0
[     446ms] [ERROR] Failed to load resource: the server responded with a status of 404 (Not Found) @ http://localhost:1313/_mirror/use.typekit.net/af/299bdc/00000000000000003b9b0ba5/27/a%3Fprimer=7cdcb44be4a7db8877ffa5c0007b8dd865b3bbc383831fe2ea177f62257a9191&fvd=n4&v=3:0
[     446ms] [ERROR] Failed to load resource: the server responded with a status of 404 (Not Found) @ http://localhost:1313/_mirror/use.typekit.net/af/df3b56/0000000000000000000134f6/27/a%3Fprimer=7cdcb44be4a7db8877ffa5c0007b8dd865b3bbc383831fe2ea177f62257a9191&fvd=n4&v=3:0
[     446ms] [ERROR] Failed to load resource: the server responded with a status of 404 (Not Found) @ http://localhost:1313/_mirror/use.typekit.net/af/8b8b4f/00000000000000003b9b0ba6/27/a%3Fprimer=7cdcb44be4a7db8877ffa5c0007b8dd865b3bbc383831fe2ea177f62257a9191&fvd=i4&v=3:0
[     446ms] [ERROR] Failed to load resource: the server responded with a status of 404 (Not Found) @ http://localhost:1313/_mirror/use.typekit.net/af/795dd6/00000000000000003b9b0ba8/27/a%3Fprimer=7cdcb44be4a7db8877ffa5c0007b8dd865b3bbc383831fe2ea177f62257a9191&fvd=n6&v=3:0
[     453ms] [ERROR] Failed to load resource: the server responded with a status of 404 (Not Found) @ http://localhost:1313/_mirror/use.typekit.net/af/45681f/00000000000000003b9b0ba7/27/a%3Fprimer=7cdcb44be4a7db8877ffa5c0007b8dd865b3bbc383831fe2ea177f62257a9191&fvd=i6&v=3:0
[     478ms] [WARNING] jQuery.Deferred exception: ouibounce is not defined ReferenceError: ouibounce is not defined
    at HTMLDocument.<anonymous> (http://localhost:1313/_mirror/quel-vetement.com/wp-content/plugins/em-pop/public/js/em-pop-public.js:5:20)
    at e (http://localhost:1313/_mirror/quel-vetement.com/wp-includes/js/jquery/jquery.min.js:2:27028)
    at t (http://localhost:1313/_mirror/quel-vetement.com/wp-includes/js/jquery/jquery.min.js:2:27330) undefined @ http://localhost:1313/_mirror/quel-vetement.com/wp-includes/js/jquery/jquery.min.js:1
[     564ms] [LOG] %c
░░░░░░░░░░░░░░░░░░░░░░░░░░░░░░░░░░░░░░░░░░░░░░░░░░░░░░░░░░░░░░░░
░░░░░░░░░░░░░░░░░░░░░░░░░░░░░░░░░░░░░░░░░░░░░░░░░░░░░░░░░░░░░░░░
░░░░░░░░░░░░░░░░░░░░░░ SUBSTACK WANTS YOU ░░░░░░░░░░░░░░░░░░░░░░
░░░░░░░░░░░░░░░░░░░░░░░░░░░░░░░░░░░░░░░░░░░░░░░░░░░░░░░░░░░░░░░░
░░░░░░░░░░░░░░░░░░░░░░░░░░░░░░░░░░░░░░░░░░░░░░░░░░░░░░░░░░░░░░░░
░░░░░░░░░░░░░░░▓▓▓▓▓▓▓▓▓▓▓▓▓▓▓▓▓▓▓▓▓▓▓▓▓▓▓▓▓▓▓▓▓▓░░░░░░░░░░░░░░░
░░░░░░░░░░░░░░░▓▓▓▓▓▓▓▓▓▓▓▓▓▓▓▓▓▓▓▓▓▓▓▓▓▓▓▓▓▓▓▓▓▓░░░░░░░░░░░░░░░
░░░░░░░░░░░░░░░░░░░░░░░░░░░░░░░░░░░░░░░░░░░░░░░░░░░░░░░░░░░░░░░░
░░░░░░░░░░░░░░░▓▓▓▓▓▓▓▓▓▓▓▓▓▓▓▓▓▓▓▓▓▓▓▓▓▓▓▓▓▓▓▓▓▓░░░░░░░░░░░░░░░
░░░░░░░░░░░░░░░▓▓▓▓▓▓▓▓▓▓▓▓▓▓▓▓▓▓▓▓▓▓▓▓▓▓▓▓▓▓▓▓▓▓░░░░░░░░░░░░░░░
░░░░░░░░░░░░░░░░░░░░░░░░░░░░░░░░░░░░░░░░░░░░░░░░░░░░░░░░░░░░░░░░
░░░░░░░░░░░░░░░▓▓▓▓▓▓▓▓▓▓▓▓▓▓▓▓▓▓▓▓▓▓▓▓▓▓▓▓▓▓▓▓▓▓░░░░░░░░░░░░░░░
░░░░░░░░░░░░░░░▓▓▓▓▓▓▓▓▓▓▓▓▓▓▓▓▓▓▓▓▓▓▓▓▓▓▓▓▓▓▓▓▓▓░░░░░░░░░░░░░░░
░░░░░░░░░░░░░░░▓▓▓▓▓▓▓▓▓▓▓▓▓▓▓▓▓▓▓▓▓▓▓▓▓▓▓▓▓▓▓▓▓▓░░░░░░░░░░░░░░░
░░░░░░░░░░░░░░░▓▓▓▓▓▓▓▓▓▓▓▓▓▓▓▓▓▓▓▓▓▓▓▓▓▓▓▓▓▓▓▓▓▓░░░░░░░░░░░░░░░
░░░░░░░░░░░░░░░▓▓▓▓▓▓▓▓▓▓▓▓▓▓▓▓▓▓▓▓▓▓▓▓▓▓▓▓▓▓▓▓▓▓░░░░░░░░░░░░░░░
░░░░░░░░░░░░░░░▓▓▓▓▓▓▓▓▓▓▓▓▓▓▓▓▓▓▓▓▓▓▓▓▓▓▓▓▓▓▓▓▓▓░░░░░░░░░░░░░░░
░░░░░░░░░░░░░░░▓▓▓▓▓▓▓▓▓▓▓▓▓▓▓▒▒▒▒▓▓▓▓▓▓▓▓▓▓▓▓▓▓▓░░░░░░░░░░░░░░░
░░░░░░░░░░░░░░░▓▓▓▓▓▓▓▓▓▓▓▓▒░░░░░░░░▒▓▓▓▓▓▓▓▓▓▓▓▓░░░░░░░░░░░░░░░
░░░░░░░░░░░░░░░▓▓▓▓▓▓▓▓▒▒░░░░░░░░░░░░░░▒▒▓▓▓▓▓▓▓▓░░░░░░░░░░░░░░░
░░░░░░░░░░░░░░░▓▓▓▓▓▒░░░░░░░░░░░░░░░░░░░░░░▒▓▓▓▓▓░░░░░░░░░░░░░░░
░░░░░░░░░░░░░░░▓▒░░░░░░░░░░░░░░░░░░░░░░░░░░░░░░▒▓░░░░░░░░░░░░░░░
░░░░░░░░░░░░░░░░░░░░░░░░░░░░░░░░░░░░░░░░░░░░░░░░░░░░░░░░░░░░░░░░
░░░░░░░░░░░░░░░░░░░░░░░░░░░░░░░░░░░░░░░░░░░░░░░░░░░░░░░░░░░░░░░░
░░░░░░░░░░ TO BUILD A NEW ECONOMIC ENGINE FOR CULTURE ░░░░░░░░░░
░░░░░░░░░░░░░░░░░░░░░░░░░░░░░░░░░░░░░░░░░░░░░░░░░░░░░░░░░░░░░░░░
░░░░░░░░░░░░░░░░░░░░░░░░░░░░░░░░░░░░░░░░░░░░░░░░░░░░░░░░░░░░░░░░
                   https://substack.com/jobs
 font-family:monospace @ http://localhost:1313/_mirror/substackcdn.com/bundle/static/js/main.02daa630.js:0
[     587ms] ReferenceError: ouibounce is not defined
    at HTMLDocument.<anonymous> (http://localhost:1313/_mirror/quel-vetement.com/wp-content/plugins/em-pop/public/js/em-pop-public.js:5:20)
    at e (http://localhost:1313/_mirror/quel-vetement.com/wp-includes/js/jquery/jquery.min.js:2:27028)
    at t (http://localhost:1313/_mirror/quel-vetement.com/wp-includes/js/jquery/jquery.min.js:2:27330)
[     611ms] [LOG] %c
░░░░░░░░░░░░░░░░░░░░░░░░░░░░░░░░░░░░░░░░░░░░░░░░░░░░░░░░░░░░░░░░
░░░░░░░░░░░░░░░░░░░░░░░░░░░░░░░░░░░░░░░░░░░░░░░░░░░░░░░░░░░░░░░░
░░░░░░░░░░░░░░░░░░░░░░ SUBSTACK WANTS YOU ░░░░░░░░░░░░░░░░░░░░░░
░░░░░░░░░░░░░░░░░░░░░░░░░░░░░░░░░░░░░░░░░░░░░░░░░░░░░░░░░░░░░░░░
░░░░░░░░░░░░░░░░░░░░░░░░░░░░░░░░░░░░░░░░░░░░░░░░░░░░░░░░░░░░░░░░
░░░░░░░░░░░░░░░▓▓▓▓▓▓▓▓▓▓▓▓▓▓▓▓▓▓▓▓▓▓▓▓▓▓▓▓▓▓▓▓▓▓░░░░░░░░░░░░░░░
░░░░░░░░░░░░░░░▓▓▓▓▓▓▓▓▓▓▓▓▓▓▓▓▓▓▓▓▓▓▓▓▓▓▓▓▓▓▓▓▓▓░░░░░░░░░░░░░░░
░░░░░░░░░░░░░░░░░░░░░░░░░░░░░░░░░░░░░░░░░░░░░░░░░░░░░░░░░░░░░░░░
░░░░░░░░░░░░░░░▓▓▓▓▓▓▓▓▓▓▓▓▓▓▓▓▓▓▓▓▓▓▓▓▓▓▓▓▓▓▓▓▓▓░░░░░░░░░░░░░░░
░░░░░░░░░░░░░░░▓▓▓▓▓▓▓▓▓▓▓▓▓▓▓▓▓▓▓▓▓▓▓▓▓▓▓▓▓▓▓▓▓▓░░░░░░░░░░░░░░░
░░░░░░░░░░░░░░░░░░░░░░░░░░░░░░░░░░░░░░░░░░░░░░░░░░░░░░░░░░░░░░░░
░░░░░░░░░░░░░░░▓▓▓▓▓▓▓▓▓▓▓▓▓▓▓▓▓▓▓▓▓▓▓▓▓▓▓▓▓▓▓▓▓▓░░░░░░░░░░░░░░░
░░░░░░░░░░░░░░░▓▓▓▓▓▓▓▓▓▓▓▓▓▓▓▓▓▓▓▓▓▓▓▓▓▓▓▓▓▓▓▓▓▓░░░░░░░░░░░░░░░
░░░░░░░░░░░░░░░▓▓▓▓▓▓▓▓▓▓▓▓▓▓▓▓▓▓▓▓▓▓▓▓▓▓▓▓▓▓▓▓▓▓░░░░░░░░░░░░░░░
░░░░░░░░░░░░░░░▓▓▓▓▓▓▓▓▓▓▓▓▓▓▓▓▓▓▓▓▓▓▓▓▓▓▓▓▓▓▓▓▓▓░░░░░░░░░░░░░░░
░░░░░░░░░░░░░░░▓▓▓▓▓▓▓▓▓▓▓▓▓▓▓▓▓▓▓▓▓▓▓▓▓▓▓▓▓▓▓▓▓▓░░░░░░░░░░░░░░░
░░░░░░░░░░░░░░░▓▓▓▓▓▓▓▓▓▓▓▓▓▓▓▓▓▓▓▓▓▓▓▓▓▓▓▓▓▓▓▓▓▓░░░░░░░░░░░░░░░
░░░░░░░░░░░░░░░▓▓▓▓▓▓▓▓▓▓▓▓▓▓▓▒▒▒▒▓▓▓▓▓▓▓▓▓▓▓▓▓▓▓░░░░░░░░░░░░░░░
░░░░░░░░░░░░░░░▓▓▓▓▓▓▓▓▓▓▓▓▒░░░░░░░░▒▓▓▓▓▓▓▓▓▓▓▓▓░░░░░░░░░░░░░░░
░░░░░░░░░░░░░░░▓▓▓▓▓▓▓▓▒▒░░░░░░░░░░░░░░▒▒▓▓▓▓▓▓▓▓░░░░░░░░░░░░░░░
░░░░░░░░░░░░░░░▓▓▓▓▓▒░░░░░░░░░░░░░░░░░░░░░░▒▓▓▓▓▓░░░░░░░░░░░░░░░
░░░░░░░░░░░░░░░▓▒░░░░░░░░░░░░░░░░░░░░░░░░░░░░░░▒▓░░░░░░░░░░░░░░░
░░░░░░░░░░░░░░░░░░░░░░░░░░░░░░░░░░░░░░░░░░░░░░░░░░░░░░░░░░░░░░░░
░░░░░░░░░░░░░░░░░░░░░░░░░░░░░░░░░░░░░░░░░░░░░░░░░░░░░░░░░░░░░░░░
░░░░░░░░░░ TO BUILD A NEW ECONOMIC ENGINE FOR CULTURE ░░░░░░░░░░
░░░░░░░░░░░░░░░░░░░░░░░░░░░░░░░░░░░░░░░░░░░░░░░░░░░░░░░░░░░░░░░░
░░░░░░░░░░░░░░░░░░░░░░░░░░░░░░░░░░░░░░░░░░░░░░░░░░░░░░░░░░░░░░░░
                   https://substack.com/jobs
 font-family:monospace @ http://localhost:1313/_mirror/substackcdn.com/bundle/static/js/main.02daa630.js:0
[     677ms] [ERROR] Access to font at 'https://quel-vetement.com/wp-content/themes/quel-vetement/fonts/noe-display-bold.woff' from origin 'http://localhost:1313' has been blocked by CORS policy: No 'Access-Control-Allow-Origin' header is present on the requested resource. @ http://localhost:1313/:0
[     678ms] [ERROR] Failed to load resource: net::ERR_FAILED @ https://quel-vetement.com/wp-content/themes/quel-vetement/fonts/noe-display-bold.woff:0
[     680ms] [ERROR] Failed to load resource: the server responded with a status of 404 (Not Found) @ http://localhost:1313/api/v1/archive?sort=new&search=&offset=0&limit=12:0
[     680ms] [ERROR] Failed to load tab: Error: Not Found
    at v.<anonymous> (http://localhost:1313/_mirror/substackcdn.com/bundle/static/js/70780.653e284f.js:1:47574)
    at e.emit (http://localhost:1313/_mirror/substackcdn.com/bundle/static/js/70780.653e284f.js:1:2314)
    at e.onreadystatechange (http://localhost:1313/_mirror/substackcdn.com/bundle/static/js/70780.653e284f.js:1:51384) @ http://localhost:1313/_mirror/substackcdn.com/bundle/static/js/42927.3076d471.js:0
[     685ms] [ERROR] Access to font at 'https://quel-vetement.com/wp-content/themes/quel-vetement/fonts/georgiascript-webfont.woff2' from origin 'http://localhost:1313' has been blocked by CORS policy: No 'Access-Control-Allow-Origin' header is present on the requested resource. @ http://localhost:1313/:0
[     685ms] [ERROR] Failed to load resource: net::ERR_FAILED @ https://quel-vetement.com/wp-content/themes/quel-vetement/fonts/georgiascript-webfont.woff2:0
[     685ms] [ERROR] Access to font at 'https://quel-vetement.com/wp-content/themes/quel-vetement/fonts/cc-icons.ttf?7kz21r' from origin 'http://localhost:1313' has been blocked by CORS policy: No 'Access-Control-Allow-Origin' header is present on the requested resource. @ http://localhost:1313/:0
[     685ms] [ERROR] Failed to load resource: net::ERR_FAILED @ https://quel-vetement.com/wp-content/themes/quel-vetement/fonts/cc-icons.ttf?7kz21r:0
[     685ms] [ERROR] Failed to load resource: the server responded with a status of 404 (Not Found) @ http://localhost:1313/cdn-cgi/challenge-platform/scripts/jsd/main.js:0
[     686ms] [ERROR] Refused to execute script from 'http://localhost:1313/cdn-cgi/challenge-platform/scripts/jsd/main.js' because its MIME type ('text/plain') is not executable, and strict MIME type checking is enabled. @ about:blank:0
[     697ms] [LOG] %c
░░░░░░░░░░░░░░░░░░░░░░░░░░░░░░░░░░░░░░░░░░░░░░░░░░░░░░░░░░░░░░░░
░░░░░░░░░░░░░░░░░░░░░░░░░░░░░░░░░░░░░░░░░░░░░░░░░░░░░░░░░░░░░░░░
░░░░░░░░░░░░░░░░░░░░░░ SUBSTACK WANTS YOU ░░░░░░░░░░░░░░░░░░░░░░
░░░░░░░░░░░░░░░░░░░░░░░░░░░░░░░░░░░░░░░░░░░░░░░░░░░░░░░░░░░░░░░░
░░░░░░░░░░░░░░░░░░░░░░░░░░░░░░░░░░░░░░░░░░░░░░░░░░░░░░░░░░░░░░░░
░░░░░░░░░░░░░░░▓▓▓▓▓▓▓▓▓▓▓▓▓▓▓▓▓▓▓▓▓▓▓▓▓▓▓▓▓▓▓▓▓▓░░░░░░░░░░░░░░░
░░░░░░░░░░░░░░░▓▓▓▓▓▓▓▓▓▓▓▓▓▓▓▓▓▓▓▓▓▓▓▓▓▓▓▓▓▓▓▓▓▓░░░░░░░░░░░░░░░
░░░░░░░░░░░░░░░░░░░░░░░░░░░░░░░░░░░░░░░░░░░░░░░░░░░░░░░░░░░░░░░░
░░░░░░░░░░░░░░░▓▓▓▓▓▓▓▓▓▓▓▓▓▓▓▓▓▓▓▓▓▓▓▓▓▓▓▓▓▓▓▓▓▓░░░░░░░░░░░░░░░
░░░░░░░░░░░░░░░▓▓▓▓▓▓▓▓▓▓▓▓▓▓▓▓▓▓▓▓▓▓▓▓▓▓▓▓▓▓▓▓▓▓░░░░░░░░░░░░░░░
░░░░░░░░░░░░░░░░░░░░░░░░░░░░░░░░░░░░░░░░░░░░░░░░░░░░░░░░░░░░░░░░
░░░░░░░░░░░░░░░▓▓▓▓▓▓▓▓▓▓▓▓▓▓▓▓▓▓▓▓▓▓▓▓▓▓▓▓▓▓▓▓▓▓░░░░░░░░░░░░░░░
░░░░░░░░░░░░░░░▓▓▓▓▓▓▓▓▓▓▓▓▓▓▓▓▓▓▓▓▓▓▓▓▓▓▓▓▓▓▓▓▓▓░░░░░░░░░░░░░░░
░░░░░░░░░░░░░░░▓▓▓▓▓▓▓▓▓▓▓▓▓▓▓▓▓▓▓▓▓▓▓▓▓▓▓▓▓▓▓▓▓▓░░░░░░░░░░░░░░░
░░░░░░░░░░░░░░░▓▓▓▓▓▓▓▓▓▓▓▓▓▓▓▓▓▓▓▓▓▓▓▓▓▓▓▓▓▓▓▓▓▓░░░░░░░░░░░░░░░
░░░░░░░░░░░░░░░▓▓▓▓▓▓▓▓▓▓▓▓▓▓▓▓▓▓▓▓▓▓▓▓▓▓▓▓▓▓▓▓▓▓░░░░░░░░░░░░░░░
░░░░░░░░░░░░░░░▓▓▓▓▓▓▓▓▓▓▓▓▓▓▓▓▓▓▓▓▓▓▓▓▓▓▓▓▓▓▓▓▓▓░░░░░░░░░░░░░░░
░░░░░░░░░░░░░░░▓▓▓▓▓▓▓▓▓▓▓▓▓▓▓▒▒▒▒▓▓▓▓▓▓▓▓▓▓▓▓▓▓▓░░░░░░░░░░░░░░░
░░░░░░░░░░░░░░░▓▓▓▓▓▓▓▓▓▓▓▓▒░░░░░░░░▒▓▓▓▓▓▓▓▓▓▓▓▓░░░░░░░░░░░░░░░
░░░░░░░░░░░░░░░▓▓▓▓▓▓▓▓▒▒░░░░░░░░░░░░░░▒▒▓▓▓▓▓▓▓▓░░░░░░░░░░░░░░░
░░░░░░░░░░░░░░░▓▓▓▓▓▒░░░░░░░░░░░░░░░░░░░░░░▒▓▓▓▓▓░░░░░░░░░░░░░░░
░░░░░░░░░░░░░░░▓▒░░░░░░░░░░░░░░░░░░░░░░░░░░░░░░▒▓░░░░░░░░░░░░░░░
░░░░░░░░░░░░░░░░░░░░░░░░░░░░░░░░░░░░░░░░░░░░░░░░░░░░░░░░░░░░░░░░
░░░░░░░░░░░░░░░░░░░░░░░░░░░░░░░░░░░░░░░░░░░░░░░░░░░░░░░░░░░░░░░░
░░░░░░░░░░ TO BUILD A NEW ECONOMIC ENGINE FOR CULTURE ░░░░░░░░░░
░░░░░░░░░░░░░░░░░░░░░░░░░░░░░░░░░░░░░░░░░░░░░░░░░░░░░░░░░░░░░░░░
░░░░░░░░░░░░░░░░░░░░░░░░░░░░░░░░░░░░░░░░░░░░░░░░░░░░░░░░░░░░░░░░
                   https://substack.com/jobs
 font-family:monospace @ https://substackcdn.com/bundle/static/js/7470.c3d82ce9.js:0
[     704ms] [ERROR] Failed to load resource: the server responded with a status of 404 (Not Found) @ http://localhost:1313/api/v1/archive?sort=new&search=&offset=0&limit=12:0
[     705ms] [ERROR] Failed to load tab: Error: Not Found
    at v.<anonymous> (http://localhost:1313/_mirror/substackcdn.com/bundle/static/js/70780.653e284f.js:1:47574)
    at e.emit (http://localhost:1313/_mirror/substackcdn.com/bundle/static/js/70780.653e284f.js:1:2314)
    at e.onreadystatechange (http://localhost:1313/_mirror/substackcdn.com/bundle/static/js/70780.653e284f.js:1:51384) @ http://localhost:1313/_mirror/substackcdn.com/bundle/static/js/42927.3076d471.js:0
[     706ms] [ERROR] Failed to load resource: the server responded with a status of 404 (Not Found) @ http://localhost:1313/cdn-cgi/challenge-platform/scripts/jsd/main.js:0
[     706ms] [ERROR] Refused to execute script from 'http://localhost:1313/cdn-cgi/challenge-platform/scripts/jsd/main.js' because its MIME type ('text/plain') is not executable, and strict MIME type checking is enabled. @ about:blank:0
[     713ms] [WARNING] Hotjar not launching due to suspicious userAgent: Mozilla/5.0 (Macintosh; Intel Mac OS X 10_15_7) AppleWebKit/537.36 (KHTML, like Gecko) HeadlessChrome/149.0.0.0 Safari/537.36 @ http://static.hotjar.com/c/hotjar-1205355.js?sv=5:2
[     783ms] [ERROR] Access to font at 'https://quel-vetement.com/wp-content/themes/quel-vetement/fonts/cc-icons.woff?7kz21r' from origin 'http://localhost:1313' has been blocked by CORS policy: No 'Access-Control-Allow-Origin' header is present on the requested resource. @ http://localhost:1313/:0
[     783ms] [ERROR] Failed to load resource: net::ERR_FAILED @ https://quel-vetement.com/wp-content/themes/quel-vetement/fonts/cc-icons.woff?7kz21r:0
[     783ms] [ERROR] Access to font at 'https://quel-vetement.com/wp-content/themes/quel-vetement/fonts/georgiascript-webfont.woff' from origin 'http://localhost:1313' has been blocked by CORS policy: No 'Access-Control-Allow-Origin' header is present on the requested resource. @ http://localhost:1313/:0
[     783ms] [ERROR] Failed to load resource: net::ERR_FAILED @ https://quel-vetement.com/wp-content/themes/quel-vetement/fonts/georgiascript-webfont.woff:0
[     815ms] [LOG] %c
░░░░░░░░░░░░░░░░░░░░░░░░░░░░░░░░░░░░░░░░░░░░░░░░░░░░░░░░░░░░░░░░
░░░░░░░░░░░░░░░░░░░░░░░░░░░░░░░░░░░░░░░░░░░░░░░░░░░░░░░░░░░░░░░░
░░░░░░░░░░░░░░░░░░░░░░ SUBSTACK WANTS YOU ░░░░░░░░░░░░░░░░░░░░░░
░░░░░░░░░░░░░░░░░░░░░░░░░░░░░░░░░░░░░░░░░░░░░░░░░░░░░░░░░░░░░░░░
░░░░░░░░░░░░░░░░░░░░░░░░░░░░░░░░░░░░░░░░░░░░░░░░░░░░░░░░░░░░░░░░
░░░░░░░░░░░░░░░▓▓▓▓▓▓▓▓▓▓▓▓▓▓▓▓▓▓▓▓▓▓▓▓▓▓▓▓▓▓▓▓▓▓░░░░░░░░░░░░░░░
░░░░░░░░░░░░░░░▓▓▓▓▓▓▓▓▓▓▓▓▓▓▓▓▓▓▓▓▓▓▓▓▓▓▓▓▓▓▓▓▓▓░░░░░░░░░░░░░░░
░░░░░░░░░░░░░░░░░░░░░░░░░░░░░░░░░░░░░░░░░░░░░░░░░░░░░░░░░░░░░░░░
░░░░░░░░░░░░░░░▓▓▓▓▓▓▓▓▓▓▓▓▓▓▓▓▓▓▓▓▓▓▓▓▓▓▓▓▓▓▓▓▓▓░░░░░░░░░░░░░░░
░░░░░░░░░░░░░░░▓▓▓▓▓▓▓▓▓▓▓▓▓▓▓▓▓▓▓▓▓▓▓▓▓▓▓▓▓▓▓▓▓▓░░░░░░░░░░░░░░░
░░░░░░░░░░░░░░░░░░░░░░░░░░░░░░░░░░░░░░░░░░░░░░░░░░░░░░░░░░░░░░░░
░░░░░░░░░░░░░░░▓▓▓▓▓▓▓▓▓▓▓▓▓▓▓▓▓▓▓▓▓▓▓▓▓▓▓▓▓▓▓▓▓▓░░░░░░░░░░░░░░░
░░░░░░░░░░░░░░░▓▓▓▓▓▓▓▓▓▓▓▓▓▓▓▓▓▓▓▓▓▓▓▓▓▓▓▓▓▓▓▓▓▓░░░░░░░░░░░░░░░
░░░░░░░░░░░░░░░▓▓▓▓▓▓▓▓▓▓▓▓▓▓▓▓▓▓▓▓▓▓▓▓▓▓▓▓▓▓▓▓▓▓░░░░░░░░░░░░░░░
░░░░░░░░░░░░░░░▓▓▓▓▓▓▓▓▓▓▓▓▓▓▓▓▓▓▓▓▓▓▓▓▓▓▓▓▓▓▓▓▓▓░░░░░░░░░░░░░░░
░░░░░░░░░░░░░░░▓▓▓▓▓▓▓▓▓▓▓▓▓▓▓▓▓▓▓▓▓▓▓▓▓▓▓▓▓▓▓▓▓▓░░░░░░░░░░░░░░░
░░░░░░░░░░░░░░░▓▓▓▓▓▓▓▓▓▓▓▓▓▓▓▓▓▓▓▓▓▓▓▓▓▓▓▓▓▓▓▓▓▓░░░░░░░░░░░░░░░
░░░░░░░░░░░░░░░▓▓▓▓▓▓▓▓▓▓▓▓▓▓▓▒▒▒▒▓▓▓▓▓▓▓▓▓▓▓▓▓▓▓░░░░░░░░░░░░░░░
░░░░░░░░░░░░░░░▓▓▓▓▓▓▓▓▓▓▓▓▒░░░░░░░░▒▓▓▓▓▓▓▓▓▓▓▓▓░░░░░░░░░░░░░░░
░░░░░░░░░░░░░░░▓▓▓▓▓▓▓▓▒▒░░░░░░░░░░░░░░▒▒▓▓▓▓▓▓▓▓░░░░░░░░░░░░░░░
░░░░░░░░░░░░░░░▓▓▓▓▓▒░░░░░░░░░░░░░░░░░░░░░░▒▓▓▓▓▓░░░░░░░░░░░░░░░
░░░░░░░░░░░░░░░▓▒░░░░░░░░░░░░░░░░░░░░░░░░░░░░░░▒▓░░░░░░░░░░░░░░░
░░░░░░░░░░░░░░░░░░░░░░░░░░░░░░░░░░░░░░░░░░░░░░░░░░░░░░░░░░░░░░░░
░░░░░░░░░░░░░░░░░░░░░░░░░░░░░░░░░░░░░░░░░░░░░░░░░░░░░░░░░░░░░░░░
░░░░░░░░░░ TO BUILD A NEW ECONOMIC ENGINE FOR CULTURE ░░░░░░░░░░
░░░░░░░░░░░░░░░░░░░░░░░░░░░░░░░░░░░░░░░░░░░░░░░░░░░░░░░░░░░░░░░░
░░░░░░░░░░░░░░░░░░░░░░░░░░░░░░░░░░░░░░░░░░░░░░░░░░░░░░░░░░░░░░░░
                   https://substack.com/jobs
 font-family:monospace @ https://substackcdn.com/bundle/static/js/7470.c3d82ce9.js:0
[     871ms] [ERROR] Access to font at 'https://quel-vetement.com/wp-content/themes/quel-vetement/fonts/georgiascript-webfont.ttf' from origin 'http://localhost:1313' has been blocked by CORS policy: No 'Access-Control-Allow-Origin' header is present on the requested resource. @ http://localhost:1313/:0
[     871ms] [ERROR] Failed to load resource: net::ERR_FAILED @ https://quel-vetement.com/wp-content/themes/quel-vetement/fonts/georgiascript-webfont.ttf:0
[     874ms] [ERROR] Access to XMLHttpRequest at 'http://widgets.rewardstyle.com/stps/5427535.html' from origin 'http://localhost:1313' has been blocked by CORS policy: No 'Access-Control-Allow-Origin' header is present on the requested resource. @ http://localhost:1313/:0
[     874ms] [ERROR] Failed to load resource: net::ERR_FAILED @ http://widgets.rewardstyle.com/stps/5427535.html:0
[     875ms] [ERROR] Access to XMLHttpRequest at 'http://widgets.rewardstyle.com/stps/5415400.html' from origin 'http://localhost:1313' has been blocked by CORS policy: No 'Access-Control-Allow-Origin' header is present on the requested resource. @ http://localhost:1313/:0
[     875ms] [ERROR] Failed to load resource: net::ERR_FAILED @ http://widgets.rewardstyle.com/stps/5415400.html:0
[   60594ms] [ERROR] Failed to load resource: the server responded with a status of 404 (Not Found) @ http://localhost:1313/api/v1/firehose/batch?_=1781598172079&d=eyJldmVudCI6IlBhZ2VzIiwidGltZXN0YW1wIjoiMjAyNi0wNi0xNlQwODoyMTo1Mi4wNjFaIiwicHJvcGVydGllcyI6eyJicm93c2VyU2Vzc2lvbklkIjoianpqajJsMHh2a3EiLCJpZnJhbWVWaXNpdElkIjp7ImlkIjoiMjkxMTA3ZDEtZTBhYy00OGI0LTllOGQtYzhlNmI1NmJkMGU1IiwidGltZXN0YW1wIjoiMjAyNi0wNi0xNlQwODoyMTo1Mi4wMjdaIn19LCJjb250ZXh0Ijp7ImNsaWVudF90eXBlIjoid2ViIiwiZGlzcGxheU1vZGUiOiJicm93c2VyIiwicGFnZSI6eyJyZWZlcnJlciI6Imh0dHA6Ly9sb2NhbGhvc3Q6MTMxMy8iLCJ0aXRsZSI6IlF1ZWwgVsOqdGVtZW50IHwgQW15IHwgU3Vic3RhY2siLCJ1cmwiOiJodHRwOi8vbG9jYWxob3N0OjEzMTMvX21pcnJvci90aGVmYXNoaW9uamFja3Nvbi5zdWJzdGFjay5jb20vZW1iZWQuaHRtbCIsImhlaWdodCI6MCwid2lkdGgiOjB9LCJjYW1wYWlnbiI6e30sInRpbWV6b25lIjoiRXVyb3BlL1BhcmlzIiwic2NyZWVuIjp7ImhlaWdodCI6NzIwLCJ3aWR0aCI6MTI4MH0sInN1YnN0YWNrQ29sb3JTY2hlbWUiOiJhdXRvIiwic3lzdGVtQ29sb3JTY2hlbWUiOiJsaWdodCJ9fQ%3D%3D%2CeyJldmVudCI6IlN1YmRvbWFpbiBJc2xhbmQgVmlzaXRlZCIsInRpbWVzdGFtcCI6IjIwMjYtMDYtMTZUMDg6MjE6NTIuMDcyWiIsInByb3BlcnRpZXMiOnsiYnJvd3NlclNlc3Npb25JZCI6Imp6amoybDB4dmtxIiwiaWZyYW1lVmlzaXRJZCI6eyJpZCI6IjI5MTEwN2QxLWUwYWMtNDhiNC05ZThkLWM4ZTZiNTZiZDBlNSIsInRpbWVzdGFtcCI6IjIwMjYtMDYtMTZUMDg6MjE6NTIuMDI3WiJ9LCJob21lcGFnZV90eXBlIjoibWFnYXppbmV5Iiwic3ViZG9tYWluIjoidGhlZmFzaGlvbmphY2tzb24iLCJwdWJsaWNhdGlvbl9pZCI6NTQ1MDk3NX0sImNvbnRleHQiOnsiY2xpZW50X3R5cGUiOiJ3ZWIiLCJkaXNwbGF5TW9kZSI6ImJyb3dzZXIiLCJwYWdlIjp7InJlZmVycmVyIjoiaHR0cDovL2xvY2FsaG9zdDoxMzEzLyIsInRpdGxlIjoiUXVlbCBWw6p0ZW1lbnQgfCBBbXkgfCBTdWJzdGFjayIsInVybCI6Imh0dHA6Ly9sb2NhbGhvc3Q6MTMxMy9fbWlycm9yL3RoZWZhc2hpb25qYWNrc29uLnN1YnN0YWNrLmNvbS9lbWJlZC5odG1sIiwiaGVpZ2h0IjowLCJ3aWR0aCI6MH0sImNhbXBhaWduIjp7fSwidGltZXpvbmUiOiJFdXJvcGUvUGFyaXMiLCJzY3JlZW4iOnsiaGVpZ2h0Ijo3MjAsIndpZHRoIjoxMjgwfSwic3Vic3RhY2tDb2xvclNjaGVtZSI6ImF1dG8iLCJzeXN0ZW1Db2xvclNjaGVtZSI6ImxpZ2h0In19%2CeyJldmVudCI6IkNvb2tpZSBCYW5uZXIgU2VlbiIsInRpbWVzdGFtcCI6IjIwMjYtMDYtMTZUMDg6MjE6NTIuMTkwWiIsInByb3BlcnRpZXMiOnsiYnJvd3NlclNlc3Npb25JZCI6Imp6amoybDB4dmtxIiwiaWZyYW1lVmlzaXRJZCI6eyJpZCI6IjI5MTEwN2QxLWUwYWMtNDhiNC05ZThkLWM4ZTZiNTZiZDBlNSIsInRpbWVzdGFtcCI6IjIwMjYtMDYtMTZUMDg6MjE6NTIuMDI3WiJ9fSwiY29udGV4dCI6eyJjbGllbnRfdHlwZSI6IndlYiIsImRpc3BsYXlNb2RlIjoiYnJvd3NlciIsInBhZ2UiOnsicmVmZXJyZXIiOiJodHRwOi8vbG9jYWxob3N0OjEzMTMvIiwidGl0bGUiOiJRdWVsIFbDqnRlbWVudCB8IEFteSB8IFN1YnN0YWNrIiwidXJsIjoiaHR0cDovL2xvY2FsaG9zdDoxMzEzL19taXJyb3IvdGhlZmFzaGlvbmphY2tzb24uc3Vic3RhY2suY29tL2VtYmVkLmh0bWwiLCJoZWlnaHQiOjAsIndpZHRoIjowfSwiY2FtcGFpZ24iOnt9LCJ0aW1lem9uZSI6IkV1cm9wZS9QYXJpcyIsInNjcmVlbiI6eyJoZWlnaHQiOjcyMCwid2lkdGgiOjEyODB9LCJzdWJzdGFja0NvbG9yU2NoZW1lIjoiYXV0byIsInN5c3RlbUNvbG9yU2NoZW1lIjoibGlnaHQifX0%3D%2CeyJldmVudCI6IkZpcmVob3NlIEJhdGNoIFNlbnQiLCJ0aW1lc3RhbXAiOiIyMDI2LTA2LTE2VDA4OjIyOjUyLjA3M1oiLCJwcm9wZXJ0aWVzIjp7ImJyb3dzZXJTZXNzaW9uSWQiOiJqempqMmwweHZrcSIsImlmcmFtZVZpc2l0SWQiOnsiaWQiOiIyOTExMDdkMS1lMGFjLTQ4YjQtOWU4ZC1jOGU2YjU2YmQwZTUiLCJ0aW1lc3RhbXAiOiIyMDI2LTA2LTE2VDA4OjIxOjUyLjAyN1oifSwiZGF0YVNpemUiOjI0OTIsImJhdGNoU2l6ZSI6MywiYmF0Y2hUeXBlIjoiaW50ZXJ2YWwifSwiY29udGV4dCI6eyJjbGllbnRfdHlwZSI6IndlYiIsImRpc3BsYXlNb2RlIjoiYnJvd3NlciIsInBhZ2UiOnsicmVmZXJyZXIiOiJodHRwOi8vbG9jYWxob3N0OjEzMTMvIiwidGl0bGUiOiJRdWVsIFbDqnRlbWVudCB8IEFteSB8IFN1YnN0YWNrIiwidXJsIjoiaHR0cDovL2xvY2FsaG9zdDoxMzEzL19taXJyb3IvdGhlZmFzaGlvbmphY2tzb24uc3Vic3RhY2suY29tL2VtYmVkLmh0bWwiLCJoZWlnaHQiOjAsIndpZHRoIjowfSwiY2FtcGFpZ24iOnt9LCJ0aW1lem9uZSI6IkV1cm9wZS9QYXJpcyIsInNjcmVlbiI6eyJoZWlnaHQiOjcyMCwid2lkdGgiOjEyODB9LCJzdWJzdGFja0NvbG9yU2NoZW1lIjoiYXV0byIsInN5c3RlbUNvbG9yU2NoZW1lIjoibGlnaHQifX0%3D:0
[   60615ms] [ERROR] Failed to load resource: the server responded with a status of 404 (Not Found) @ http://localhost:1313/api/v1/firehose/batch?_=1781598172112&d=eyJldmVudCI6IlBhZ2VzIiwidGltZXN0YW1wIjoiMjAyNi0wNi0xNlQwODoyMTo1Mi4xMDlaIiwicHJvcGVydGllcyI6eyJicm93c2VyU2Vzc2lvbklkIjoiejY3c2k2bGVvYSIsImlmcmFtZVZpc2l0SWQiOnsiaWQiOiI3ODc2NDdjNy1jNGZkLTRiNDEtYTBlNS00NWUxYWNjNzQwNzciLCJ0aW1lc3RhbXAiOiIyMDI2LTA2LTE2VDA4OjIxOjUyLjA4MVoifX0sImNvbnRleHQiOnsiY2xpZW50X3R5cGUiOiJ3ZWIiLCJkaXNwbGF5TW9kZSI6ImJyb3dzZXIiLCJwYWdlIjp7InJlZmVycmVyIjoiaHR0cDovL2xvY2FsaG9zdDoxMzEzLyIsInRpdGxlIjoiUXVlbCBWw6p0ZW1lbnQgfCBBbXkgfCBTdWJzdGFjayIsInVybCI6Imh0dHA6Ly9sb2NhbGhvc3Q6MTMxMy9fbWlycm9yL3RoZWZhc2hpb25qYWNrc29uLnN1YnN0YWNrLmNvbS9lbWJlZC5odG1sIiwiaGVpZ2h0IjoxNDgsIndpZHRoIjo0Nzh9LCJjYW1wYWlnbiI6e30sInRpbWV6b25lIjoiRXVyb3BlL1BhcmlzIiwic2NyZWVuIjp7ImhlaWdodCI6NzIwLCJ3aWR0aCI6MTI4MH0sInN1YnN0YWNrQ29sb3JTY2hlbWUiOiJhdXRvIiwic3lzdGVtQ29sb3JTY2hlbWUiOiJsaWdodCJ9fQ%3D%3D%2CeyJldmVudCI6IlN1YmRvbWFpbiBJc2xhbmQgVmlzaXRlZCIsInRpbWVzdGFtcCI6IjIwMjYtMDYtMTZUMDg6MjE6NTIuMTI2WiIsInByb3BlcnRpZXMiOnsiYnJvd3NlclNlc3Npb25JZCI6Ino2N3NpNmxlb2EiLCJpZnJhbWVWaXNpdElkIjp7ImlkIjoiNzg3NjQ3YzctYzRmZC00YjQxLWEwZTUtNDVlMWFjYzc0MDc3IiwidGltZXN0YW1wIjoiMjAyNi0wNi0xNlQwODoyMTo1Mi4wODFaIn0sImhvbWVwYWdlX3R5cGUiOiJtYWdhemluZXkiLCJzdWJkb21haW4iOiJ0aGVmYXNoaW9uamFja3NvbiIsInB1YmxpY2F0aW9uX2lkIjo1NDUwOTc1fSwiY29udGV4dCI6eyJjbGllbnRfdHlwZSI6IndlYiIsImRpc3BsYXlNb2RlIjoiYnJvd3NlciIsInBhZ2UiOnsicmVmZXJyZXIiOiJodHRwOi8vbG9jYWxob3N0OjEzMTMvIiwidGl0bGUiOiJRdWVsIFbDqnRlbWVudCB8IEFteSB8IFN1YnN0YWNrIiwidXJsIjoiaHR0cDovL2xvY2FsaG9zdDoxMzEzL19taXJyb3IvdGhlZmFzaGlvbmphY2tzb24uc3Vic3RhY2suY29tL2VtYmVkLmh0bWwiLCJoZWlnaHQiOjE0OCwid2lkdGgiOjQ3OH0sImNhbXBhaWduIjp7fSwidGltZXpvbmUiOiJFdXJvcGUvUGFyaXMiLCJzY3JlZW4iOnsiaGVpZ2h0Ijo3MjAsIndpZHRoIjoxMjgwfSwic3Vic3RhY2tDb2xvclNjaGVtZSI6ImF1dG8iLCJzeXN0ZW1Db2xvclNjaGVtZSI6ImxpZ2h0In19%2CeyJldmVudCI6IkNvb2tpZSBCYW5uZXIgU2VlbiIsInRpbWVzdGFtcCI6IjIwMjYtMDYtMTZUMDg6MjE6NTIuMTg2WiIsInByb3BlcnRpZXMiOnsiYnJvd3NlclNlc3Npb25JZCI6Ino2N3NpNmxlb2EiLCJpZnJhbWVWaXNpdElkIjp7ImlkIjoiNzg3NjQ3YzctYzRmZC00YjQxLWEwZTUtNDVlMWFjYzc0MDc3IiwidGltZXN0YW1wIjoiMjAyNi0wNi0xNlQwODoyMTo1Mi4wODFaIn19LCJjb250ZXh0Ijp7ImNsaWVudF90eXBlIjoid2ViIiwiZGlzcGxheU1vZGUiOiJicm93c2VyIiwicGFnZSI6eyJyZWZlcnJlciI6Imh0dHA6Ly9sb2NhbGhvc3Q6MTMxMy8iLCJ0aXRsZSI6IlF1ZWwgVsOqdGVtZW50IHwgQW15IHwgU3Vic3RhY2siLCJ1cmwiOiJodHRwOi8vbG9jYWxob3N0OjEzMTMvX21pcnJvci90aGVmYXNoaW9uamFja3Nvbi5zdWJzdGFjay5jb20vZW1iZWQuaHRtbCIsImhlaWdodCI6MTQ4LCJ3aWR0aCI6NDc4fSwiY2FtcGFpZ24iOnt9LCJ0aW1lem9uZSI6IkV1cm9wZS9QYXJpcyIsInNjcmVlbiI6eyJoZWlnaHQiOjcyMCwid2lkdGgiOjEyODB9LCJzdWJzdGFja0NvbG9yU2NoZW1lIjoiYXV0byIsInN5c3RlbUNvbG9yU2NoZW1lIjoibGlnaHQifX0%3D%2CeyJldmVudCI6IkZpcmVob3NlIEJhdGNoIFNlbnQiLCJ0aW1lc3RhbXAiOiIyMDI2LTA2LTE2VDA4OjIyOjUyLjExMVoiLCJwcm9wZXJ0aWVzIjp7ImJyb3dzZXJTZXNzaW9uSWQiOiJ6NjdzaTZsZW9hIiwiaWZyYW1lVmlzaXRJZCI6eyJpZCI6Ijc4NzY0N2M3LWM0ZmQtNGI0MS1hMGU1LTQ1ZTFhY2M3NDA3NyIsInRpbWVzdGFtcCI6IjIwMjYtMDYtMTZUMDg6MjE6NTIuMDgxWiJ9LCJkYXRhU2l6ZSI6MjUwNCwiYmF0Y2hTaXplIjozLCJiYXRjaFR5cGUiOiJpbnRlcnZhbCJ9LCJjb250ZXh0Ijp7ImNsaWVudF90eXBlIjoid2ViIiwiZGlzcGxheU1vZGUiOiJicm93c2VyIiwicGFnZSI6eyJyZWZlcnJlciI6Imh0dHA6Ly9sb2NhbGhvc3Q6MTMxMy8iLCJ0aXRsZSI6IlF1ZWwgVsOqdGVtZW50IHwgQW15IHwgU3Vic3RhY2siLCJ1cmwiOiJodHRwOi8vbG9jYWxob3N0OjEzMTMvX21pcnJvci90aGVmYXNoaW9uamFja3Nvbi5zdWJzdGFjay5jb20vZW1iZWQuaHRtbCIsImhlaWdodCI6MTQ4LCJ3aWR0aCI6NDc4fSwiY2FtcGFpZ24iOnt9LCJ0aW1lem9uZSI6IkV1cm9wZS9QYXJpcyIsInNjcmVlbiI6eyJoZWlnaHQiOjcyMCwid2lkdGgiOjEyODB9LCJzdWJzdGFja0NvbG9yU2NoZW1lIjoiYXV0byIsInN5c3RlbUNvbG9yU2NoZW1lIjoibGlnaHQifX0%3D:0
