[     104ms] [ERROR] Refused to apply style from 'http://localhost:1313/wp-content/plugins/em-ig-explore/public/css/em-ig-explore-public.css%3Fver=1.0.1.css' because its MIME type ('text/plain') is not a supported stylesheet MIME type, and strict MIME checking is enabled. @ http://localhost:1313/:0
[     104ms] [ERROR] Refused to apply style from 'http://localhost:1313/wp-includes/css/dashicons.min.css%3Fver=7.0.css' because its MIME type ('text/plain') is not a supported stylesheet MIME type, and strict MIME checking is enabled. @ http://localhost:1313/:0
[     104ms] [ERROR] Failed to load resource: the server responded with a status of 404 (Not Found) @ http://localhost:1313/wp-content/uploads/2023/06/Header-Portrait-Image.jpeg:0
[     105ms] [ERROR] Failed to load resource: the server responded with a status of 404 (Not Found) @ http://localhost:1313/wp-content/uploads/2016/11/gifts-for-men.jpg:0
[     105ms] [ERROR] Refused to apply style from 'http://localhost:1313/wp-content/uploads/maxmegamenu/style.css%3Fver=65e1bf.css' because its MIME type ('text/plain') is not a supported stylesheet MIME type, and strict MIME checking is enabled. @ http://localhost:1313/:0
[     105ms] [ERROR] Refused to apply style from 'http://localhost:1313/wp-content/themes/quel-vetement/style.css%3Fver=1687816739.css' because its MIME type ('text/plain') is not a supported stylesheet MIME type, and strict MIME checking is enabled. @ http://localhost:1313/:0
[     105ms] [ERROR] Refused to apply style from 'http://localhost:1313/wp-content/plugins/em-pop/public/css/em-pop-public.css%3Fver=1.0.2.css' because its MIME type ('text/plain') is not a supported stylesheet MIME type, and strict MIME checking is enabled. @ http://localhost:1313/:0
[     109ms] [ERROR] Failed to load resource: the server responded with a status of 404 (Not Found) @ http://localhost:1313/wp-content/uploads/2023/01/FJ-Blog-Featured-Image-w-Title-1140x1530.png:0
[     109ms] [ERROR] Refused to apply style from 'http://localhost:1313/wp-content/plugins/em-ig-explore/public/css/em-ig-explore-public.css%3Fver=1.0.1.css' because its MIME type ('text/plain') is not a supported stylesheet MIME type, and strict MIME checking is enabled. @ http://localhost:1313/:0
[     110ms] [ERROR] Refused to apply style from 'http://localhost:1313/wp-content/uploads/maxmegamenu/style.css%3Fver=65e1bf.css' because its MIME type ('text/plain') is not a supported stylesheet MIME type, and strict MIME checking is enabled. @ http://localhost:1313/:0
[     110ms] [ERROR] Refused to apply style from 'http://localhost:1313/wp-includes/css/dashicons.min.css%3Fver=7.0.css' because its MIME type ('text/plain') is not a supported stylesheet MIME type, and strict MIME checking is enabled. @ http://localhost:1313/:0
[     110ms] [ERROR] Refused to apply style from 'http://localhost:1313/wp-content/themes/quel-vetement/style.css%3Fver=1687816739.css' because its MIME type ('text/plain') is not a supported stylesheet MIME type, and strict MIME checking is enabled. @ http://localhost:1313/:0
[     110ms] [ERROR] Refused to apply style from 'http://localhost:1313/wp-content/plugins/em-pop/public/css/em-pop-public.css%3Fver=1.0.2.css' because its MIME type ('text/plain') is not a supported stylesheet MIME type, and strict MIME checking is enabled. @ http://localhost:1313/:0
[     110ms] [ERROR] Failed to load resource: the server responded with a status of 404 (Not Found) @ http://localhost:1313/wp-includes/js/jquery/jquery.min.js%3Fver=3.7.1:0
[     111ms] [ERROR] Failed to load resource: the server responded with a status of 404 (Not Found) @ http://localhost:1313/wp-includes/js/jquery/jquery-migrate.min.js%3Fver=3.4.1:0
[     111ms] [ERROR] Failed to load resource: the server responded with a status of 404 (Not Found) @ http://localhost:1313/wp-content/plugins/em-ig-explore/public/js/em-ig-explore-public.js%3Fver=1.0.1:0
[     112ms] [ERROR] Failed to load resource: the server responded with a status of 404 (Not Found) @ http://localhost:1313/wp-content/themes/quel-vetement/js/slick.min.js%3Fver=1.8.1:0
[     112ms] [ERROR] Failed to load resource: the server responded with a status of 404 (Not Found) @ http://localhost:1313/wp-content/plugins/em-pop/public/js/em-pop-public.js%3Fver=1.0.2:0
[     113ms] [ERROR] Failed to load resource: the server responded with a status of 404 (Not Found) @ http://localhost:1313/wp-content/themes/quel-vetement/js/skip-link-focus-fix.js%3Fver=20151215:0
[     115ms] [ERROR] Failed to load resource: the server responded with a status of 404 (Not Found) @ http://localhost:1313/wp-content/themes/quel-vetement/js/tabbed-content.js%3Fver=1.0.0:0
[     115ms] [ERROR] Failed to load resource: the server responded with a status of 404 (Not Found) @ http://localhost:1313/wp-includes/js/hoverIntent.min.js%3Fver=1.10.2:0
[     115ms] [ERROR] Failed to load resource: the server responded with a status of 404 (Not Found) @ http://localhost:1313/wp-content/plugins/megamenu/js/maxmegamenu.js%3Fver=3.9.2.1:0
[     302ms] [ERROR] Failed to load resource: the server responded with a status of 404 (Not Found) @ http://localhost:1313/wp-content/uploads/2024/11/FJ-Brown-Mango-Coat-Brown-Birkin.jpg:0
[     409ms] [ERROR] Refused to execute script from 'http://localhost:1313/wp-includes/js/jquery/jquery.min.js%3Fver=3.7.1' because its MIME type ('text/plain') is not executable, and strict MIME type checking is enabled. @ http://localhost:1313/:0
[     409ms] [ERROR] Refused to execute script from 'http://localhost:1313/wp-includes/js/jquery/jquery-migrate.min.js%3Fver=3.4.1' because its MIME type ('text/plain') is not executable, and strict MIME type checking is enabled. @ http://localhost:1313/:0
[     409ms] [ERROR] Refused to execute script from 'http://localhost:1313/wp-content/plugins/em-ig-explore/public/js/em-ig-explore-public.js%3Fver=1.0.1' because its MIME type ('text/plain') is not executable, and strict MIME type checking is enabled. @ http://localhost:1313/:0
[     409ms] [ERROR] Refused to execute script from 'http://localhost:1313/wp-content/themes/quel-vetement/js/slick.min.js%3Fver=1.8.1' because its MIME type ('text/plain') is not executable, and strict MIME type checking is enabled. @ http://localhost:1313/:0
[     412ms] ReferenceError: jQuery is not defined
    at http://localhost:1313/:1:15256
[     416ms] ReferenceError: jQuery is not defined
    at http://localhost:1313/:1:75234
[     446ms] [ERROR] Failed to load resource: the server responded with a status of 404 (Not Found) @ http://localhost:1313/wp-content/uploads/2023/06/beige-header-image.jpg:0
[     452ms] [ERROR] Refused to execute script from 'http://localhost:1313/wp-content/plugins/em-pop/public/js/em-pop-public.js%3Fver=1.0.2' because its MIME type ('text/plain') is not executable, and strict MIME type checking is enabled. @ http://localhost:1313/:0
[     452ms] [ERROR] Refused to execute script from 'http://localhost:1313/wp-content/themes/quel-vetement/js/skip-link-focus-fix.js%3Fver=20151215' because its MIME type ('text/plain') is not executable, and strict MIME type checking is enabled. @ http://localhost:1313/:0
[     452ms] [ERROR] Refused to execute script from 'http://localhost:1313/wp-content/themes/quel-vetement/js/tabbed-content.js%3Fver=1.0.0' because its MIME type ('text/plain') is not executable, and strict MIME type checking is enabled. @ http://localhost:1313/:0
[     463ms] ReferenceError: jQuery is not defined
    at http://localhost:1313/:4:1413
[     452ms] [ERROR] Refused to execute script from 'http://localhost:1313/wp-includes/js/hoverIntent.min.js%3Fver=1.10.2' because its MIME type ('text/plain') is not executable, and strict MIME type checking is enabled. @ http://localhost:1313/:0
[     452ms] [ERROR] Refused to execute script from 'http://localhost:1313/wp-content/plugins/megamenu/js/maxmegamenu.js%3Fver=3.9.2.1' because its MIME type ('text/plain') is not executable, and strict MIME type checking is enabled. @ http://localhost:1313/:0
[     463ms] ReferenceError: jQuery is not defined
    at http://localhost:1313/:4:2472
[     453ms] [ERROR] Failed to load resource: the server responded with a status of 404 (Not Found) @ http://localhost:1313/wp-content/uploads/2026/03/Featured-Image-460x600.jpg:0
[     453ms] [ERROR] Failed to load resource: the server responded with a status of 404 (Not Found) @ http://localhost:1313/wp-content/uploads/2026/05/Best-summer-sandals-2026-editor-picks-featured-image-460x600.jpg:0
[     453ms] [ERROR] Failed to load resource: the server responded with a status of 404 (Not Found) @ http://localhost:1313/wp-content/uploads/2023/03/Featured-Image-1-460x600.png:0
[     746ms] [WARNING] Hotjar not launching due to suspicious userAgent: Mozilla/5.0 (Macintosh; Intel Mac OS X 10_15_7) AppleWebKit/537.36 (KHTML, like Gecko) HeadlessChrome/149.0.0.0 Safari/537.36 @ http://static.hotjar.com/c/hotjar-1205355.js?sv=5:2
[     771ms] [ERROR] Framing 'https://thefashionjackson.substack.com/' violates the following Content Security Policy directive: "frame-ancestors 'self' https://*.substack.com https://substack.com". The request has been blocked.
 @ :0
[     776ms] [ERROR] Failed to load resource: the server responded with a status of 404 () @ chrome-error://chromewebdata/:0
[     805ms] [ERROR] Framing 'https://thefashionjackson.substack.com/' violates the following Content Security Policy directive: "frame-ancestors 'self' https://*.substack.com https://substack.com". The request has been blocked.
 @ :0
[     776ms] [ERROR] Failed to load resource: the server responded with a status of 404 () @ chrome-error://chromewebdata/:0
[     854ms] [ERROR] Failed to load resource: the server responded with a status of 404 () @ chrome-error://chromewebdata/:0
[     861ms] [ERROR] Failed to load resource: the server responded with a status of 404 (Not Found) @ http://localhost:1313/wp-content/uploads/2020/01/cropped-box-icon-black@4x-1-32x32.png:0
[     862ms] [ERROR] Failed to load resource: the server responded with a status of 404 (Not Found) @ http://localhost:1313/wp-content/uploads/2020/01/cropped-box-icon-black@4x-1-192x192.png:0
[     894ms] [ERROR] Access to XMLHttpRequest at 'http://widgets.rewardstyle.com/stps/5415400.html' from origin 'http://localhost:1313' has been blocked by CORS policy: No 'Access-Control-Allow-Origin' header is present on the requested resource. @ http://localhost:1313/:0
[     894ms] [ERROR] Failed to load resource: net::ERR_FAILED @ http://widgets.rewardstyle.com/stps/5415400.html:0
[     894ms] [ERROR] Access to XMLHttpRequest at 'http://widgets.rewardstyle.com/stps/5427535.html' from origin 'http://localhost:1313' has been blocked by CORS policy: No 'Access-Control-Allow-Origin' header is present on the requested resource. @ http://localhost:1313/:0
[     894ms] [ERROR] Failed to load resource: net::ERR_FAILED @ http://widgets.rewardstyle.com/stps/5427535.html:0
[    2067ms] Uncaught TypeError: Cannot read properties of undefined (reading '0')
    at sizeCheck (http://widgets.rewardstyle.com/js/shopthepost.js:278:38)
    at <anonymous> (http://widgets.rewardstyle.com/js/shopthepost.js:321:12)
