[    6839ms] [ERROR] Failed to load resource: net::ERR_EMPTY_RESPONSE @ https://quel-vetement.com/wp-content/themes/quel-vetement/js/slick.min.js?ver=1.8.1:0
[    6855ms] ReferenceError: jQuery is not defined
    at http://localhost:1313/:1:15276
[    6885ms] ReferenceError: jQuery is not defined
    at http://localhost:1313/:1:75254
[    6896ms] ReferenceError: jQuery is not defined
    at http://localhost:1313/:4:1407
[    6908ms] [WARNING] Hotjar not launching due to suspicious userAgent: Mozilla/5.0 (Macintosh; Intel Mac OS X 10_15_7) AppleWebKit/537.36 (KHTML, like Gecko) HeadlessChrome/149.0.0.0 Safari/537.36 @ https://static.hotjar.com/c/hotjar-1205355.js?sv=5:2
[    6990ms] [ERROR] Framing 'https://thefashionjackson.substack.com/' violates the following Content Security Policy directive: "frame-ancestors 'self' https://*.substack.com https://substack.com". The request has been blocked.
 @ :0
[    6992ms] [ERROR] Failed to load resource: the server responded with a status of 404 () @ chrome-error://chromewebdata/:0
[    7028ms] [ERROR] Framing 'https://thefashionjackson.substack.com/' violates the following Content Security Policy directive: "frame-ancestors 'self' https://*.substack.com https://substack.com". The request has been blocked.
 @ :0
[    6992ms] [ERROR] Failed to load resource: the server responded with a status of 404 () @ chrome-error://chromewebdata/:0
[    7050ms] [ERROR] Failed to load resource: the server responded with a status of 404 () @ chrome-error://chromewebdata/:0
[    7143ms] ReferenceError: jQuery is not defined
    at http://localhost:1313/:4:2462
[    7144ms] [ERROR] Access to XMLHttpRequest at 'http://widgets.rewardstyle.com/stps/5427535.html' from origin 'http://localhost:1313' has been blocked by CORS policy: No 'Access-Control-Allow-Origin' header is present on the requested resource. @ http://localhost:1313/:0
[    7144ms] [ERROR] Failed to load resource: net::ERR_FAILED @ http://widgets.rewardstyle.com/stps/5427535.html:0
[    7145ms] [ERROR] Access to XMLHttpRequest at 'http://widgets.rewardstyle.com/stps/5415400.html' from origin 'http://localhost:1313' has been blocked by CORS policy: No 'Access-Control-Allow-Origin' header is present on the requested resource. @ http://localhost:1313/:0
[    7145ms] [ERROR] Failed to load resource: net::ERR_FAILED @ http://widgets.rewardstyle.com/stps/5415400.html:0
